GROUP,PACKAGE,CLASS,INSTRUCTION_MISSED,INSTRUCTION_COVERED,BRANCH_MISSED,BRANCH_COVERED,LINE_MISSED,LINE_COVERED,COMPLEXITY_MISSED,COMPLEXITY_COVERED,METHOD_MISSED,METHOD_COVERED
ims,com.qa.ims.exceptions,CustomerNotFoundException,3,0,0,0,1,0,1,0,1,0
ims,com.qa.ims.controller,ItemController,17,111,0,2,5,29,1,7,1,6
ims,com.qa.ims.controller,Action,112,0,4,0,19,0,7,0,5,0
ims,com.qa.ims.controller,CustomerController,17,109,0,2,5,29,1,7,1,6
ims,com.qa.ims.controller,OrderController,70,65,0,2,18,18,3,6,3,5
ims,com.qa.ims,IMS,157,0,19,0,51,0,20,0,6,0
ims,com.qa.ims,Runner,16,0,0,0,6,0,3,0,3,0
ims,com.qa.ims.persistence.dao,CustomerDAO,62,171,0,2,24,43,0,10,0,9
ims,com.qa.ims.persistence.dao,OrderDAO,257,22,2,0,73,7,8,3,7,3
ims,com.qa.ims.persistence.dao,ItemDAO,62,171,0,2,24,43,0,10,0,9
ims,com.qa.ims.utils,DBUtils,19,159,1,3,7,35,2,12,1,11
ims,com.qa.ims.utils,Utils,59,3,4,0,25,1,7,1,5,1
ims,com.qa.ims.persistence.domain,Order,107,116,8,10,30,21,21,7,13,6
ims,com.qa.ims.persistence.domain,Domain,88,0,2,0,17,0,6,0,5,0
ims,com.qa.ims.persistence.domain,Item,25,100,5,7,3,26,6,11,1,10
ims,com.qa.ims.persistence.domain,Customer,0,176,0,30,0,48,0,26,0,11
